TN:
SF:src/App.tsx
FN:9,SkipLink
FN:20,App
FNF:2
FNH:2
FNDA:1,SkipLink
FNDA:1,App
DA:10,1
DA:21,1
LF:2
LH:2
BRF:0
BRH:0
end_of_record
TN:
SF:src/api/auth.ts
FN:3,(anonymous_0)
FN:5,(anonymous_1)
FN:12,(anonymous_2)
FN:17,(anonymous_3)
FN:26,(anonymous_4)
FN:31,(anonymous_5)
FNF:6
FNH:3
FNDA:2,(anonymous_0)
FNDA:0,(anonymous_1)
FNDA:1,(anonymous_2)
FNDA:1,(anonymous_3)
FNDA:0,(anonymous_4)
FNDA:0,(anonymous_5)
DA:3,1
DA:4,2
DA:5,1
DA:6,1
DA:8,1
DA:11,1
DA:13,1
DA:14,1
DA:18,1
DA:23,1
DA:27,0
DA:30,0
DA:31,0
DA:32,0
LF:14
LH:10
BRDA:4,0,0,1
BRDA:4,0,1,1
BRDA:6,1,0,1
BRDA:6,1,1,0
BRDA:30,2,0,0
BRDA:30,2,1,0
BRDA:30,3,0,0
BRDA:30,3,1,0
BRDA:32,4,0,0
BRDA:32,4,1,0
BRF:10
BRH:3
end_of_record
TN:
SF:src/api/caregiver.ts
FN:3,(anonymous_0)
FN:5,(anonymous_1)
FN:12,(anonymous_2)
FNF:3
FNH:2
FNDA:1,(anonymous_0)
FNDA:0,(anonymous_1)
FNDA:1,(anonymous_2)
DA:3,2
DA:4,1
DA:5,0
DA:6,0
DA:8,1
DA:11,2
DA:13,1
DA:14,1
DA:15,1
LF:9
LH:7
BRDA:4,0,0,0
BRDA:4,0,1,1
BRDA:6,1,0,0
BRDA:6,1,1,0
BRDA:13,2,0,1
BRDA:13,2,1,0
BRF:6
BRH:2
end_of_record
TN:
SF:src/api/dialogue.ts
FN:24,getDialogueReplies
FN:37,(anonymous_1)
FNF:2
FNH:1
FNDA:1,getDialogueReplies
FNDA:0,(anonymous_1)
DA:30,1
DA:36,1
DA:37,0
DA:38,0
DA:41,1
LF:5
LH:3
BRDA:36,0,0,0
BRDA:36,0,1,1
BRDA:38,1,0,0
BRDA:38,1,1,0
BRF:4
BRH:1
end_of_record
TN:
SF:src/api/phrases.ts
FN:8,(anonymous_0)
FN:16,(anonymous_1)
FN:18,(anonymous_2)
FN:25,(anonymous_3)
FN:30,(anonymous_4)
FN:35,(anonymous_5)
FN:44,(anonymous_6)
FN:53,(anonymous_7)
FN:58,(anonymous_8)
FNF:9
FNH:3
FNDA:1,(anonymous_0)
FNDA:1,(anonymous_1)
FNDA:0,(anonymous_2)
FNDA:1,(anonymous_3)
FNDA:0,(anonymous_4)
FNDA:0,(anonymous_5)
FNDA:0,(anonymous_6)
FNDA:0,(anonymous_7)
FNDA:0,(anonymous_8)
DA:8,2
DA:9,1
DA:10,1
DA:11,1
DA:12,1
DA:13,1
DA:16,2
DA:17,1
DA:18,0
DA:19,0
DA:21,1
DA:24,2
DA:26,1
DA:27,1
DA:31,0
DA:32,0
DA:36,0
DA:41,0
DA:45,0
DA:50,0
DA:54,0
DA:57,0
DA:58,0
DA:59,0
LF:24
LH:12
BRDA:10,0,0,1
BRDA:10,0,1,0
BRDA:11,1,0,1
BRDA:11,1,1,0
BRDA:13,2,0,1
BRDA:13,2,1,0
BRDA:17,3,0,0
BRDA:17,3,1,1
BRDA:19,4,0,0
BRDA:19,4,1,0
BRDA:25,5,0,1
BRDA:57,6,0,0
BRDA:57,6,1,0
BRDA:59,7,0,0
BRDA:59,7,1,0
BRF:15
BRH:5
end_of_record
TN:
SF:src/api/preferences.ts
FN:3,(anonymous_0)
FN:5,(anonymous_1)
FN:11,(anonymous_2)
FN:14,(anonymous_3)
FN:18,(anonymous_4)
FN:22,(anonymous_5)
FN:34,(anonymous_6)
FN:40,(anonymous_7)
FN:58,(anonymous_8)
FN:76,(anonymous_9)
FN:81,(anonymous_10)
FNF:11
FNH:9
FNDA:3,(anonymous_0)
FNDA:0,(anonymous_1)
FNDA:2,(anonymous_2)
FNDA:3,(anonymous_3)
FNDA:4,(anonymous_4)
FNDA:3,(anonymous_5)
FNDA:5,(anonymous_6)
FNDA:1,(anonymous_7)
FNDA:1,(anonymous_8)
FNDA:1,(anonymous_9)
FNDA:0,(anonymous_10)
DA:3,2
DA:4,3
DA:5,0
DA:6,0
DA:8,3
DA:11,2
DA:12,2
DA:14,2
DA:15,3
DA:16,3
DA:18,4
DA:22,3
DA:33,2
DA:35,5
DA:36,1
DA:37,1
DA:41,1
DA:54,1
DA:55,1
DA:59,1
DA:72,1
DA:73,1
DA:77,1
DA:80,1
DA:81,0
DA:82,0
LF:26
LH:22
BRDA:4,0,0,0
BRDA:4,0,1,3
BRDA:6,1,0,0
BRDA:6,1,1,0
BRDA:12,2,0,0
BRDA:12,2,1,2
BRDA:12,3,0,2
BRDA:12,3,1,0
BRDA:15,4,0,0
BRDA:15,4,1,3
BRDA:26,5,0,3
BRDA:26,5,1,3
BRDA:27,6,0,3
BRDA:27,6,1,0
BRDA:28,7,0,3
BRDA:28,7,1,3
BRDA:30,8,0,1
BRDA:30,8,1,2
BRDA:47,9,0,1
BRDA:47,9,1,1
BRDA:49,10,0,1
BRDA:49,10,1,1
BRDA:51,11,0,1
BRDA:51,11,1,1
BRDA:65,12,0,1
BRDA:65,12,1,1
BRDA:67,13,0,1
BRDA:67,13,1,1
BRDA:69,14,0,1
BRDA:69,14,1,1
BRDA:80,15,0,0
BRDA:80,15,1,1
BRDA:82,16,0,0
BRDA:82,16,1,0
BRF:34
BRH:24
end_of_record
TN:
SF:src/api/profile.ts
FN:3,(anonymous_0)
FN:5,(anonymous_1)
FN:12,(anonymous_2)
FN:17,(anonymous_3)
FNF:4
FNH:3
FNDA:2,(anonymous_0)
FNDA:0,(anonymous_1)
FNDA:1,(anonymous_2)
FNDA:1,(anonymous_3)
DA:3,2
DA:4,2
DA:5,0
DA:6,0
DA:8,2
DA:11,2
DA:13,1
DA:14,1
DA:18,1
DA:23,1
LF:10
LH:8
BRDA:4,0,0,0
BRDA:4,0,1,2
BRDA:6,1,0,0
BRDA:6,1,1,0
BRF:4
BRH:1
end_of_record
TN:
SF:src/api/speechToken.ts
FN:7,getSpeechToken
FN:10,(anonymous_1)
FNF:2
FNH:1
FNDA:1,getSpeechToken
FNDA:0,(anonymous_1)
DA:8,1
DA:9,1
DA:10,0
DA:11,0
DA:13,1
LF:5
LH:3
BRDA:9,0,0,0
BRDA:9,0,1,1
BRDA:11,1,0,0
BRDA:11,1,1,0
BRF:4
BRH:1
end_of_record
TN:
SF:src/api/suggestions.ts
FN:3,(anonymous_0)
FN:5,(anonymous_1)
FN:12,(anonymous_2)
FNF:3
FNH:0
FNDA:0,(anonymous_0)
FNDA:0,(anonymous_1)
FNDA:0,(anonymous_2)
DA:3,1
DA:4,0
DA:5,0
DA:6,0
DA:8,0
DA:11,1
DA:13,0
DA:18,0
LF:8
LH:2
BRDA:4,0,0,0
BRDA:4,0,1,0
BRDA:6,1,0,0
BRDA:6,1,1,0
BRF:4
BRH:0
end_of_record
TN:
SF:src/api/tts.ts
FN:1,fetchTtsAudio
FN:9,(anonymous_1)
FN:16,speakText
FN:21,(anonymous_3)
FN:22,(anonymous_4)
FN:26,(anonymous_5)
FNF:6
FNH:1
FNDA:1,fetchTtsAudio
FNDA:0,(anonymous_1)
FNDA:0,speakText
FNDA:0,(anonymous_3)
FNDA:0,(anonymous_4)
FNDA:0,(anonymous_5)
DA:2,1
DA:8,1
DA:9,0
DA:10,0
DA:13,1
DA:17,0
DA:18,0
DA:19,0
DA:21,0
DA:22,0
DA:23,0
DA:24,0
DA:26,0
DA:27,0
DA:28,0
DA:30,0
LF:16
LH:3
BRDA:8,0,0,0
BRDA:8,0,1,1
BRDA:10,1,0,0
BRDA:10,1,1,0
BRF:4
BRH:1
end_of_record
TN:
SF:src/api/wellbeing.ts
FN:1,(anonymous_0)
FN:3,(anonymous_1)
FN:9,(anonymous_2)
FN:18,(anonymous_3)
FNF:4
FNH:3
FNDA:2,(anonymous_0)
FNDA:0,(anonymous_1)
FNDA:1,(anonymous_2)
FNDA:1,(anonymous_3)
DA:1,2
DA:2,2
DA:3,0
DA:4,0
DA:8,2
DA:10,1
DA:15,1
DA:19,1
DA:24,1
LF:9
LH:7
BRDA:2,0,0,0
BRDA:2,0,1,2
BRDA:4,1,0,0
BRDA:4,1,1,0
BRF:4
BRH:1
end_of_record
TN:
SF:src/auth/AuthContext.tsx
FN:17,AuthProvider
FN:23,(anonymous_1)
FN:31,(anonymous_2)
FN:59,(anonymous_3)
FN:87,useAuth
FNF:5
FNH:5
FNDA:11,AuthProvider
FNDA:5,(anonymous_1)
FNDA:4,(anonymous_2)
FNDA:1,(anonymous_3)
FNDA:16,useAuth
DA:15,3
DA:18,11
DA:19,11
DA:20,11
DA:21,11
DA:23,11
DA:26,5
DA:27,5
DA:28,5
DA:31,11
DA:32,4
DA:33,4
DA:34,4
DA:37,4
DA:43,4
DA:44,1
DA:47,3
DA:48,3
DA:50,1
DA:51,1
DA:52,1
DA:53,1
DA:55,4
DA:59,11
DA:60,1
DA:61,1
DA:62,1
DA:64,1
DA:65,1
DA:67,1
DA:71,11
DA:88,16
DA:89,16
DA:90,0
DA:92,16
LF:35
LH:34
BRDA:43,0,0,1
BRDA:43,0,1,3
BRDA:52,1,0,1
BRDA:52,1,1,0
BRDA:89,2,0,0
BRDA:89,2,1,16
BRF:6
BRH:4
end_of_record
TN:
SF:src/components/PhraseForm.tsx
FN:17,PhraseForm
FN:30,(anonymous_1)
FN:37,(anonymous_2)
FN:64,(anonymous_3)
FN:75,(anonymous_4)
FNF:5
FNH:2
FNDA:3,PhraseForm
FNDA:1,(anonymous_1)
FNDA:0,(anonymous_2)
FNDA:0,(anonymous_3)
FNDA:0,(anonymous_4)
DA:25,3
DA:26,3
DA:27,3
DA:28,3
DA:30,3
DA:31,1
DA:32,1
DA:35,3
DA:37,3
DA:38,0
DA:39,0
DA:40,0
DA:42,0
DA:43,0
DA:44,0
DA:46,0
DA:47,0
DA:48,0
DA:51,0
DA:53,0
DA:57,3
DA:64,0
DA:75,0
LF:23
LH:10
BRDA:18,0,0,3
BRDA:19,1,0,3
BRDA:23,2,0,3
BRDA:35,3,0,3
BRDA:35,3,1,0
BRDA:35,3,2,0
BRDA:46,4,0,0
BRDA:46,4,1,0
BRDA:51,5,0,0
BRDA:51,5,1,0
BRDA:81,6,0,3
BRDA:81,6,1,0
BRDA:89,7,0,0
BRDA:89,7,1,3
BRDA:92,8,0,3
BRDA:92,8,1,0
BRF:16
BRH:7
end_of_record
TN:
SF:src/components/PhraseList.tsx
FN:9,PhraseList
FN:14,(anonymous_1)
FN:24,(anonymous_2)
FN:29,(anonymous_3)
FNF:4
FNH:2
FNDA:2,PhraseList
FNDA:1,(anonymous_1)
FNDA:0,(anonymous_2)
FNDA:0,(anonymous_3)
DA:10,2
DA:12,1
DA:15,1
DA:24,0
DA:29,0
LF:5
LH:3
BRDA:10,0,0,1
BRDA:10,0,1,1
BRF:2
BRH:2
end_of_record
TN:
SF:src/components/ui/button.tsx
FN:35,(anonymous_0)
FNF:1
FNH:1
FNDA:23,(anonymous_0)
DA:6,4
DA:34,4
DA:36,23
DA:37,23
DA:42,4
LF:5
LH:5
BRDA:35,0,0,23
BRDA:36,1,0,0
BRDA:36,1,1,23
BRF:3
BRH:2
end_of_record
TN:
SF:src/hooks/useSpeechToText.ts
FN:5,useSpeechToText
FN:14,(anonymous_1)
FN:25,(anonymous_2)
FN:27,(anonymous_3)
FN:28,(anonymous_4)
FN:40,(anonymous_5)
FN:59,(anonymous_6)
FN:63,(anonymous_7)
FN:70,(anonymous_8)
FN:75,(anonymous_9)
FN:81,(anonymous_10)
FN:83,(anonymous_11)
FN:84,(anonymous_12)
FN:93,(anonymous_13)
FN:94,(anonymous_14)
FNF:15
FNH:11
FNDA:7,useSpeechToText
FNDA:3,(anonymous_1)
FNDA:2,(anonymous_2)
FNDA:2,(anonymous_3)
FNDA:0,(anonymous_4)
FNDA:2,(anonymous_5)
FNDA:1,(anonymous_6)
FNDA:1,(anonymous_7)
FNDA:0,(anonymous_8)
FNDA:0,(anonymous_9)
FNDA:2,(anonymous_10)
FNDA:2,(anonymous_11)
FNDA:0,(anonymous_12)
FNDA:2,(anonymous_13)
FNDA:2,(anonymous_14)
DA:6,7
DA:7,7
DA:9,7
DA:10,7
DA:11,7
DA:12,7
DA:14,7
DA:15,3
DA:16,3
DA:18,3
DA:19,3
DA:20,3
DA:21,1
DA:22,1
DA:25,2
DA:26,2
DA:27,2
DA:28,0
DA:32,2
DA:33,2
DA:34,2
DA:36,3
DA:40,7
DA:41,2
DA:42,2
DA:43,2
DA:45,2
DA:46,2
DA:48,2
DA:52,2
DA:54,2
DA:55,2
DA:57,2
DA:59,2
DA:60,1
DA:63,2
DA:64,1
DA:65,1
DA:66,1
DA:70,2
DA:71,0
DA:72,0
DA:75,2
DA:76,0
DA:79,2
DA:81,2
DA:82,2
DA:83,2
DA:84,0
DA:88,0
DA:89,0
DA:93,7
DA:94,2
DA:95,2
DA:100,7
LF:55
LH:48
BRDA:15,0,0,0
BRDA:15,0,1,3
BRDA:20,1,0,1
BRDA:20,1,1,2
BRDA:60,2,0,1
BRDA:60,2,1,0
BRDA:64,3,0,1
BRDA:64,3,1,0
BRDA:65,4,0,1
BRDA:65,4,1,0
BRDA:66,5,0,1
BRDA:66,5,1,0
BRDA:71,6,0,0
BRDA:71,6,1,0
BRDA:89,7,0,0
BRDA:89,7,1,0
BRF:16
BRH:7
end_of_record
TN:
SF:src/lib/cn.ts
FN:4,cn
FNF:1
FNH:1
FNDA:27,cn
DA:5,27
LF:1
LH:1
BRF:0
BRH:0
end_of_record
TN:
SF:src/pages/CaregiverDashboardPage.tsx
FN:26,BodyHeatmap
FN:28,(anonymous_1)
FN:30,(anonymous_2)
FN:54,(anonymous_3)
FN:60,(anonymous_4)
FN:61,(anonymous_5)
FN:90,CaregiverDashboardPage
FN:96,(anonymous_7)
FN:98,(anonymous_8)
FN:118,(anonymous_9)
FN:125,(anonymous_10)
FN:131,(anonymous_11)
FN:133,(anonymous_12)
FN:155,(anonymous_13)
FN:160,(anonymous_14)
FN:264,(anonymous_15)
FNF:16
FNH:12
FNDA:2,BodyHeatmap
FNDA:0,(anonymous_1)
FNDA:0,(anonymous_2)
FNDA:32,(anonymous_3)
FNDA:32,(anonymous_4)
FNDA:0,(anonymous_5)
FNDA:2,CaregiverDashboardPage
FNDA:1,(anonymous_7)
FNDA:1,(anonymous_8)
FNDA:1,(anonymous_9)
FNDA:4,(anonymous_10)
FNDA:4,(anonymous_11)
FNDA:2,(anonymous_12)
FNDA:0,(anonymous_13)
FNDA:14,(anonymous_14)
FNDA:4,(anonymous_15)
DA:6,2
DA:13,2
DA:24,2
DA:27,2
DA:28,2
DA:30,2
DA:31,0
DA:32,0
DA:35,2
DA:54,32
DA:56,2
DA:60,32
DA:62,0
DA:63,0
DA:64,0
DA:91,2
DA:92,2
DA:93,2
DA:94,2
DA:96,2
DA:97,1
DA:98,1
DA:99,1
DA:100,1
DA:101,1
DA:102,1
DA:103,1
DA:104,1
DA:107,0
DA:108,0
DA:109,0
DA:112,1
DA:113,1
DA:117,1
DA:118,1
DA:119,1
DA:123,2
DA:124,2
DA:125,4
DA:126,2
DA:128,2
DA:131,4
DA:133,2
DA:134,2
DA:135,1
DA:138,2
DA:156,0
DA:161,14
DA:266,4
DA:267,4
LF:50
LH:41
BRDA:27,0,0,2
BRDA:27,0,1,2
BRDA:28,1,0,0
BRDA:28,1,1,0
BRDA:31,2,0,0
BRDA:31,2,1,0
BRDA:54,3,0,0
BRDA:54,3,1,32
BRDA:54,4,0,32
BRDA:54,4,1,0
BRDA:81,5,0,2
BRDA:81,5,1,2
BRDA:103,6,0,1
BRDA:103,6,1,0
BRDA:107,7,0,0
BRDA:107,7,1,0
BRDA:108,8,0,0
BRDA:108,8,1,0
BRDA:112,9,0,1
BRDA:112,9,1,0
BRDA:124,10,0,2
BRDA:124,10,1,1
BRDA:125,11,0,2
BRDA:125,11,1,0
BRDA:126,12,0,1
BRDA:126,12,1,1
BRDA:128,13,0,1
BRDA:128,13,1,1
BRDA:131,14,0,1
BRDA:131,14,1,3
BRDA:134,15,0,1
BRDA:134,15,1,1
BRDA:169,16,0,2
BRDA:169,16,1,0
BRDA:170,17,0,1
BRDA:170,17,1,1
BRDA:174,18,0,2
BRDA:174,18,1,0
BRDA:179,19,0,0
BRDA:179,19,1,0
BRDA:191,20,0,2
BRDA:191,20,1,1
BRDA:191,20,2,1
BRDA:193,21,0,2
BRDA:193,21,1,1
BRDA:193,21,2,1
BRDA:193,21,3,0
BRDA:205,22,0,1
BRDA:205,22,1,1
BRDA:212,23,0,1
BRDA:212,23,1,1
BRDA:224,24,0,1
BRDA:224,24,1,1
BRDA:233,25,0,1
BRDA:233,25,1,1
BRDA:244,26,0,1
BRDA:244,26,1,1
BRDA:266,27,0,0
BRDA:266,27,1,4
BRDA:290,28,0,1
BRDA:290,28,1,1
BRDA:310,29,0,2
BRDA:310,29,1,2
BRDA:316,30,0,2
BRDA:316,30,1,2
BRDA:322,31,0,2
BRDA:322,31,1,2
BRF:67
BRH:48
end_of_record
TN:
SF:src/pages/ConversationPage.tsx
FN:12,getStoredName
FN:20,setStoredName
FN:28,getStoredLocation
FN:38,setStoredLocation
FN:46,getStoredVoiceMode
FN:54,setStoredVoiceMode
FN:62,getStoredShowSpokenText
FN:70,setStoredShowSpokenText
FN:78,escapeRegExp
FN:82,phraseChoice
FN:88,phraseInstead
FN:95,stripEmojiPrefix
FN:102,normaliseKey
FN:179,iconifyKeyFor
FN:216,Pictogram
FN:267,ConversationPage
FN:270,(anonymous_16)
FN:271,(anonymous_17)
FN:274,(anonymous_18)
FN:275,(anonymous_19)
FN:276,(anonymous_20)
FN:298,(anonymous_21)
FN:299,(anonymous_22)
FN:302,(anonymous_23)
FN:306,(anonymous_24)
FN:310,(anonymous_25)
FN:314,(anonymous_26)
FN:319,(anonymous_27)
FN:321,(anonymous_28)
FN:333,(anonymous_29)
FN:337,(anonymous_30)
FN:349,(anonymous_31)
FN:366,(anonymous_32)
FN:376,(anonymous_33)
FN:382,(anonymous_34)
FN:391,(anonymous_35)
FN:405,(anonymous_36)
FN:442,(anonymous_37)
FN:452,(anonymous_38)
FN:462,(anonymous_39)
FN:463,(anonymous_40)
FN:466,(anonymous_41)
FN:469,(anonymous_42)
FN:487,(anonymous_43)
FN:496,(anonymous_44)
FN:505,(anonymous_45)
FN:528,(anonymous_46)
FN:540,(anonymous_47)
FN:548,(anonymous_48)
FN:566,(anonymous_49)
FN:566,(anonymous_50)
FN:579,(anonymous_51)
FN:614,(anonymous_52)
FN:624,(anonymous_53)
FN:659,(anonymous_54)
FN:665,(anonymous_55)
FN:703,(anonymous_56)
FN:703,(anonymous_57)
FN:726,(anonymous_58)
FN:731,(anonymous_59)
FN:738,(anonymous_60)
FN:755,(anonymous_61)
FN:770,(anonymous_62)
FNF:63
FNH:22
FNDA:4,getStoredName
FNDA:0,setStoredName
FNDA:2,getStoredLocation
FNDA:2,setStoredLocation
FNDA:2,getStoredVoiceMode
FNDA:2,setStoredVoiceMode
FNDA:2,getStoredShowSpokenText
FNDA:2,setStoredShowSpokenText
FNDA:0,escapeRegExp
FNDA:0,phraseChoice
FNDA:0,phraseInstead
FNDA:0,stripEmojiPrefix
FNDA:0,normaliseKey
FNDA:0,iconifyKeyFor
FNDA:0,Pictogram
FNDA:2,ConversationPage
FNDA:2,(anonymous_16)
FNDA:2,(anonymous_17)
FNDA:2,(anonymous_18)
FNDA:2,(anonymous_19)
FNDA:2,(anonymous_20)
FNDA:2,(anonymous_21)
FNDA:0,(anonymous_22)
FNDA:2,(anonymous_23)
FNDA:2,(anonymous_24)
FNDA:2,(anonymous_25)
FNDA:2,(anonymous_26)
FNDA:0,(anonymous_27)
FNDA:0,(anonymous_28)
FNDA:0,(anonymous_29)
FNDA:0,(anonymous_30)
FNDA:0,(anonymous_31)
FNDA:0,(anonymous_32)
FNDA:0,(anonymous_33)
FNDA:0,(anonymous_34)
FNDA:0,(anonymous_35)
FNDA:2,(anonymous_36)
FNDA:2,(anonymous_37)
FNDA:0,(anonymous_38)
FNDA:0,(anonymous_39)
FNDA:0,(anonymous_40)
FNDA:0,(anonymous_41)
FNDA:0,(anonymous_42)
FNDA:0,(anonymous_43)
FNDA:0,(anonymous_44)
FNDA:0,(anonymous_45)
FNDA:1,(anonymous_46)
FNDA:3,(anonymous_47)
FNDA:0,(anonymous_48)
FNDA:0,(anonymous_49)
FNDA:0,(anonymous_50)
FNDA:0,(anonymous_51)
FNDA:0,(anonymous_52)
FNDA:0,(anonymous_53)
FNDA:0,(anonymous_54)
FNDA:0,(anonymous_55)
FNDA:0,(anonymous_56)
FNDA:0,(anonymous_57)
FNDA:0,(anonymous_58)
FNDA:0,(anonymous_59)
FNDA:0,(anonymous_60)
FNDA:0,(anonymous_61)
FNDA:0,(anonymous_62)
DA:13,4
DA:14,4
DA:16,0
DA:21,0
DA:22,0
DA:29,2
DA:30,2
DA:31,2
DA:35,1
DA:39,2
DA:40,2
DA:47,2
DA:48,2
DA:50,0
DA:55,2
DA:56,2
DA:63,2
DA:64,2
DA:66,0
DA:71,2
DA:72,2
DA:79,0
DA:83,0
DA:84,0
DA:85,0
DA:89,0
DA:90,0
DA:91,0
DA:96,0
DA:97,0
DA:98,0
DA:99,0
DA:103,0
DA:107,2
DA:122,2
DA:180,0
DA:181,0
DA:183,0
DA:186,0
DA:187,0
DA:188,0
DA:189,0
DA:190,0
DA:191,0
DA:192,0
DA:193,0
DA:194,0
DA:195,0
DA:196,0
DA:197,0
DA:198,0
DA:199,0
DA:200,0
DA:201,0
DA:202,0
DA:203,0
DA:204,0
DA:205,0
DA:206,0
DA:207,0
DA:208,0
DA:209,0
DA:211,0
DA:214,2
DA:227,0
DA:228,0
DA:237,0
DA:238,0
DA:239,0
DA:246,0
DA:247,0
DA:254,0
DA:255,0
DA:256,0
DA:268,2
DA:270,2
DA:271,2
DA:272,2
DA:274,2
DA:275,2
DA:276,2
DA:278,2
DA:279,2
DA:281,2
DA:282,2
DA:284,2
DA:285,2
DA:286,2
DA:288,2
DA:290,2
DA:291,2
DA:292,2
DA:295,2
DA:296,2
DA:298,2
DA:299,2
DA:302,2
DA:303,2
DA:306,2
DA:307,2
DA:310,2
DA:311,2
DA:314,2
DA:315,2
DA:316,2
DA:319,2
DA:321,2
DA:322,0
DA:323,0
DA:324,0
DA:326,0
DA:327,0
DA:329,0
DA:330,0
DA:332,0
DA:333,0
DA:337,2
DA:338,0
DA:339,0
DA:341,0
DA:342,0
DA:343,0
DA:344,0
DA:346,0
DA:349,2
DA:350,0
DA:351,0
DA:356,0
DA:357,0
DA:358,0
DA:359,0
DA:360,0
DA:361,0
DA:362,0
DA:363,0
DA:366,2
DA:367,0
DA:368,0
DA:369,0
DA:370,0
DA:371,0
DA:372,0
DA:373,0
DA:376,2
DA:377,0
DA:378,0
DA:380,0
DA:381,0
DA:382,0
DA:383,0
DA:384,0
DA:387,0
DA:391,2
DA:392,0
DA:393,0
DA:394,0
DA:395,0
DA:396,0
DA:399,0
DA:400,0
DA:401,0
DA:405,2
DA:406,2
DA:407,2
DA:408,0
DA:410,0
DA:411,0
DA:412,0
DA:415,0
DA:416,2
DA:418,0
DA:423,0
DA:424,0
DA:425,0
DA:426,0
DA:427,0
DA:429,0
DA:431,0
DA:434,0
DA:435,0
DA:436,0
DA:437,0
DA:442,2
DA:443,2
DA:445,1
DA:446,1
DA:447,0
DA:448,0
DA:450,0
DA:452,0
DA:453,0
DA:454,0
DA:455,0
DA:457,0
DA:462,0
DA:464,0
DA:466,0
DA:469,0
DA:470,0
DA:475,2
DA:476,1
DA:487,0
DA:496,0
DA:505,0
DA:523,1
DA:524,2
DA:525,2
DA:528,2
DA:529,1
DA:530,0
DA:534,2
DA:541,3
DA:542,3
DA:543,3
DA:544,3
DA:548,0
DA:566,0
DA:579,0
DA:614,0
DA:624,0
DA:660,0
DA:661,0
DA:665,0
DA:703,0
DA:727,0
DA:732,0
DA:733,0
DA:734,0
DA:738,0
DA:756,0
DA:757,0
DA:758,0
DA:771,0
DA:772,0
DA:773,0
LF:235
LH:77
BRDA:31,0,0,1
BRDA:31,0,1,1
BRDA:31,1,0,2
BRDA:31,1,1,1
BRDA:31,1,2,1
BRDA:84,2,0,0
BRDA:84,2,1,0
BRDA:90,3,0,0
BRDA:90,3,1,0
BRDA:96,4,0,0
BRDA:96,4,1,0
BRDA:97,5,0,0
BRDA:97,5,1,0
BRDA:99,6,0,0
BRDA:99,6,1,0
BRDA:103,7,0,0
BRDA:103,7,1,0
BRDA:181,8,0,0
BRDA:181,8,1,0
BRDA:183,9,0,0
BRDA:183,9,1,0
BRDA:186,10,0,0
BRDA:186,10,1,0
BRDA:187,11,0,0
BRDA:187,11,1,0
BRDA:188,12,0,0
BRDA:188,12,1,0
BRDA:189,13,0,0
BRDA:189,13,1,0
BRDA:190,14,0,0
BRDA:190,14,1,0
BRDA:190,15,0,0
BRDA:190,15,1,0
BRDA:190,16,0,0
BRDA:190,16,1,0
BRDA:191,17,0,0
BRDA:191,17,1,0
BRDA:191,18,0,0
BRDA:191,18,1,0
BRDA:192,19,0,0
BRDA:192,19,1,0
BRDA:193,20,0,0
BRDA:193,20,1,0
BRDA:193,21,0,0
BRDA:193,21,1,0
BRDA:194,22,0,0
BRDA:194,22,1,0
BRDA:195,23,0,0
BRDA:195,23,1,0
BRDA:196,24,0,0
BRDA:196,24,1,0
BRDA:197,25,0,0
BRDA:197,25,1,0
BRDA:198,26,0,0
BRDA:198,26,1,0
BRDA:199,27,0,0
BRDA:199,27,1,0
BRDA:200,28,0,0
BRDA:200,28,1,0
BRDA:200,29,0,0
BRDA:200,29,1,0
BRDA:201,30,0,0
BRDA:201,30,1,0
BRDA:202,31,0,0
BRDA:202,31,1,0
BRDA:203,32,0,0
BRDA:203,32,1,0
BRDA:204,33,0,0
BRDA:204,33,1,0
BRDA:205,34,0,0
BRDA:205,34,1,0
BRDA:206,35,0,0
BRDA:206,35,1,0
BRDA:207,36,0,0
BRDA:207,36,1,0
BRDA:207,37,0,0
BRDA:207,37,1,0
BRDA:208,38,0,0
BRDA:208,38,1,0
BRDA:209,39,0,0
BRDA:209,39,1,0
BRDA:220,40,0,0
BRDA:227,41,0,0
BRDA:227,41,1,0
BRDA:238,42,0,0
BRDA:238,42,1,0
BRDA:246,43,0,0
BRDA:246,43,1,0
BRDA:246,44,0,0
BRDA:246,44,1,0
BRDA:255,45,0,0
BRDA:255,45,1,0
BRDA:270,46,0,2
BRDA:270,46,1,1
BRDA:299,47,0,1
BRDA:299,47,1,1
BRDA:315,48,0,0
BRDA:315,48,1,2
BRDA:329,49,0,0
BRDA:329,49,1,0
BRDA:339,50,0,0
BRDA:339,50,1,0
BRDA:378,51,0,0
BRDA:378,51,1,0
BRDA:380,52,0,0
BRDA:380,52,1,0
BRDA:392,53,0,0
BRDA:392,53,1,0
BRDA:406,54,0,2
BRDA:406,54,1,2
BRDA:407,55,0,2
BRDA:407,55,1,0
BRDA:408,56,0,0
BRDA:408,56,1,0
BRDA:410,57,0,0
BRDA:410,57,1,0
BRDA:415,58,0,0
BRDA:415,58,1,0
BRDA:416,59,0,0
BRDA:416,59,1,2
BRDA:423,60,0,0
BRDA:423,60,1,0
BRDA:425,61,0,0
BRDA:425,61,1,0
BRDA:434,62,0,0
BRDA:434,62,1,0
BRDA:443,63,0,1
BRDA:443,63,1,1
BRDA:446,64,0,1
BRDA:446,64,1,0
BRDA:447,65,0,0
BRDA:447,65,1,0
BRDA:448,66,0,0
BRDA:448,66,1,0
BRDA:450,67,0,0
BRDA:450,67,1,0
BRDA:464,68,0,0
BRDA:464,68,1,0
BRDA:470,69,0,0
BRDA:470,69,1,0
BRDA:475,70,0,1
BRDA:475,70,1,1
BRDA:497,71,0,1
BRDA:497,71,1,1
BRDA:500,72,0,0
BRDA:500,72,1,1
BRDA:513,73,0,1
BRDA:513,73,1,0
BRDA:523,74,0,1
BRDA:523,74,1,1
BRDA:524,75,0,2
BRDA:524,75,1,1
BRDA:529,76,0,0
BRDA:529,76,1,1
BRDA:541,77,0,1
BRDA:541,77,1,2
BRDA:541,78,0,1
BRDA:541,78,1,1
BRDA:543,79,0,1
BRDA:543,79,1,2
BRDA:543,80,0,1
BRDA:543,80,1,1
BRDA:550,81,0,1
BRDA:550,81,1,2
BRDA:568,82,0,0
BRDA:568,82,1,1
BRDA:571,83,0,0
BRDA:571,83,1,1
BRDA:572,84,0,0
BRDA:572,84,1,1
BRDA:575,85,0,0
BRDA:575,85,1,1
BRDA:582,86,0,0
BRDA:582,86,1,1
BRDA:583,87,0,0
BRDA:583,87,1,1
BRDA:586,88,0,0
BRDA:586,88,1,1
BRDA:600,89,0,2
BRDA:600,89,1,0
BRDA:602,90,0,0
BRDA:602,90,1,0
BRDA:602,91,0,0
BRDA:602,91,1,0
BRDA:602,92,0,0
BRDA:602,92,1,0
BRDA:607,93,0,2
BRDA:607,93,1,1
BRDA:607,93,2,1
BRDA:607,93,3,0
BRDA:609,94,0,0
BRDA:609,94,1,0
BRDA:609,94,2,0
BRDA:624,95,0,0
BRDA:624,95,1,0
BRDA:625,96,0,2
BRDA:625,96,1,1
BRDA:627,97,0,0
BRDA:627,97,1,1
BRDA:629,98,0,0
BRDA:629,98,1,1
BRDA:630,99,0,0
BRDA:630,99,1,1
BRDA:643,100,0,2
BRDA:643,100,1,0
BRDA:657,101,0,0
BRDA:657,101,1,1
BRDA:660,102,0,0
BRDA:660,102,1,0
BRDA:660,103,0,0
BRDA:660,103,1,0
BRDA:675,104,0,0
BRDA:675,104,1,0
BRDA:678,105,0,0
BRDA:678,105,1,0
BRDA:704,106,0,2
BRDA:704,106,1,1
BRDA:706,107,0,0
BRDA:706,107,1,1
BRDA:708,108,0,0
BRDA:708,108,1,1
BRDA:709,109,0,0
BRDA:709,109,1,1
BRDA:724,110,0,2
BRDA:724,110,1,0
BRDA:724,110,2,0
BRDA:732,111,0,0
BRDA:732,111,1,0
BRDA:733,112,0,0
BRDA:733,112,1,0
BRDA:751,113,0,0
BRDA:751,113,1,0
BRF:232
BRH:62
end_of_record
TN:
SF:src/pages/PhrasesPage.tsx
FN:7,PhrasesPage
FN:21,(anonymous_1)
FN:25,(anonymous_2)
FN:27,(anonymous_3)
FN:30,(anonymous_4)
FN:43,(anonymous_5)
FN:48,(anonymous_6)
FN:62,(anonymous_7)
FN:67,(anonymous_8)
FN:73,(anonymous_9)
FN:81,(anonymous_10)
FN:82,(anonymous_11)
FN:125,(anonymous_12)
FN:132,(anonymous_13)
FN:137,(anonymous_14)
FNF:15
FNH:4
FNDA:3,PhrasesPage
FNDA:1,(anonymous_1)
FNDA:0,(anonymous_2)
FNDA:0,(anonymous_3)
FNDA:1,(anonymous_4)
FNDA:1,(anonymous_5)
FNDA:0,(anonymous_6)
FNDA:0,(anonymous_7)
FNDA:0,(anonymous_8)
FNDA:0,(anonymous_9)
FNDA:0,(anonymous_10)
FNDA:0,(anonymous_11)
FNDA:0,(anonymous_12)
FNDA:0,(anonymous_13)
FNDA:0,(anonymous_14)
DA:8,3
DA:9,3
DA:11,3
DA:12,3
DA:13,3
DA:15,3
DA:17,3
DA:18,3
DA:20,3
DA:21,1
DA:25,3
DA:26,0
DA:27,0
DA:30,3
DA:31,1
DA:32,1
DA:33,1
DA:34,1
DA:35,1
DA:37,0
DA:39,1
DA:43,3
DA:44,1
DA:48,3
DA:49,0
DA:50,0
DA:51,0
DA:53,0
DA:54,0
DA:55,0
DA:57,0
DA:58,0
DA:62,3
DA:63,0
DA:64,0
DA:67,3
DA:68,0
DA:69,0
DA:70,0
DA:73,3
DA:74,0
DA:75,0
DA:76,0
DA:77,0
DA:78,0
DA:81,3
DA:82,0
DA:83,0
DA:84,0
DA:86,0
DA:87,0
DA:88,0
DA:89,0
DA:91,0
DA:95,3
DA:125,0
DA:132,0
DA:137,0
LF:58
LH:26
BRDA:21,0,0,1
BRDA:21,0,1,1
BRDA:21,1,0,1
BRDA:21,1,1,1
BRDA:37,2,0,0
BRDA:37,2,1,0
BRDA:57,3,0,0
BRDA:57,3,1,0
BRDA:74,4,0,0
BRDA:74,4,1,0
BRDA:83,5,0,0
BRDA:83,5,1,0
BRDA:84,6,0,0
BRDA:84,6,1,0
BRDA:91,7,0,0
BRDA:91,7,1,0
BRDA:103,8,0,3
BRDA:103,8,1,0
BRDA:144,9,0,0
BRDA:144,9,1,3
BRDA:146,10,0,0
BRDA:146,10,1,3
BRDA:147,11,0,0
BRDA:147,11,1,0
BRDA:171,12,0,3
BRDA:171,12,1,0
BRDA:177,13,0,1
BRDA:177,13,1,2
BRF:28
BRH:10
end_of_record
TN:
SF:src/pages/SettingsPage.tsx
FN:16,SettingsPage
FN:48,(anonymous_1)
FN:50,(anonymous_2)
FN:93,(anonymous_3)
FN:98,(anonymous_4)
FN:109,(anonymous_5)
FN:120,(anonymous_6)
FN:152,(anonymous_7)
FN:195,(anonymous_8)
FN:208,(anonymous_9)
FN:226,(anonymous_10)
FN:282,(anonymous_11)
FN:288,(anonymous_12)
FN:342,(anonymous_13)
FN:347,(anonymous_14)
FN:357,(anonymous_15)
FN:366,(anonymous_16)
FN:384,(anonymous_17)
FN:393,(anonymous_18)
FN:407,(anonymous_19)
FN:408,(anonymous_20)
FN:444,(anonymous_21)
FN:455,(anonymous_22)
FN:456,(anonymous_23)
FN:471,(anonymous_24)
FN:474,(anonymous_25)
FN:475,(anonymous_26)
FN:507,(anonymous_27)
FN:512,(anonymous_28)
FN:522,(anonymous_29)
FN:531,(anonymous_30)
FN:548,(anonymous_31)
FN:557,(anonymous_32)
FN:571,(anonymous_33)
FN:572,(anonymous_34)
FN:608,(anonymous_35)
FN:619,(anonymous_36)
FN:620,(anonymous_37)
FN:635,(anonymous_38)
FN:638,(anonymous_39)
FN:639,(anonymous_40)
FN:675,(anonymous_41)
FN:680,(anonymous_42)
FN:692,(anonymous_43)
FN:702,(anonymous_44)
FN:712,(anonymous_45)
FN:729,(anonymous_46)
FN:738,(anonymous_47)
FN:752,(anonymous_48)
FN:753,(anonymous_49)
FN:789,(anonymous_50)
FN:800,(anonymous_51)
FN:801,(anonymous_52)
FN:816,(anonymous_53)
FN:819,(anonymous_54)
FN:820,(anonymous_55)
FN:881,(anonymous_56)
FN:887,(anonymous_57)
FN:896,(anonymous_58)
FN:913,(anonymous_59)
FN:922,(anonymous_60)
FN:936,(anonymous_61)
FN:937,(anonymous_62)
FN:972,(anonymous_63)
FN:975,(anonymous_64)
FN:976,(anonymous_65)
FN:1029,(anonymous_66)
FN:1037,(anonymous_67)
FN:1046,(anonymous_68)
FN:1063,(anonymous_69)
FN:1075,(anonymous_70)
FN:1078,(anonymous_71)
FN:1079,(anonymous_72)
FN:1110,(anonymous_73)
FN:1118,(anonymous_74)
FN:1127,(anonymous_75)
FN:1144,(anonymous_76)
FN:1156,(anonymous_77)
FN:1159,(anonymous_78)
FN:1160,(anonymous_79)
FN:1191,(anonymous_80)
FN:1199,(anonymous_81)
FN:1208,(anonymous_82)
FN:1225,(anonymous_83)
FN:1237,(anonymous_84)
FN:1240,(anonymous_85)
FN:1241,(anonymous_86)
FN:1273,(anonymous_87)
FNF:88
FNH:7
FNDA:9,SettingsPage
FNDA:2,(anonymous_1)
FNDA:2,(anonymous_2)
FNDA:2,(anonymous_3)
FNDA:1,(anonymous_4)
FNDA:0,(anonymous_5)
FNDA:0,(anonymous_6)
FNDA:0,(anonymous_7)
FNDA:0,(anonymous_8)
FNDA:0,(anonymous_9)
FNDA:1,(anonymous_10)
FNDA:8,(anonymous_11)
FNDA:0,(anonymous_12)
FNDA:0,(anonymous_13)
FNDA:0,(anonymous_14)
FNDA:0,(anonymous_15)
FNDA:0,(anonymous_16)
FNDA:0,(anonymous_17)
FNDA:0,(anonymous_18)
FNDA:0,(anonymous_19)
FNDA:0,(anonymous_20)
FNDA:0,(anonymous_21)
FNDA:0,(anonymous_22)
FNDA:0,(anonymous_23)
FNDA:0,(anonymous_24)
FNDA:0,(anonymous_25)
FNDA:0,(anonymous_26)
FNDA:0,(anonymous_27)
FNDA:0,(anonymous_28)
FNDA:0,(anonymous_29)
FNDA:0,(anonymous_30)
FNDA:0,(anonymous_31)
FNDA:0,(anonymous_32)
FNDA:0,(anonymous_33)
FNDA:0,(anonymous_34)
FNDA:0,(anonymous_35)
FNDA:0,(anonymous_36)
FNDA:0,(anonymous_37)
FNDA:0,(anonymous_38)
FNDA:0,(anonymous_39)
FNDA:0,(anonymous_40)
FNDA:0,(anonymous_41)
FNDA:0,(anonymous_42)
FNDA:0,(anonymous_43)
FNDA:0,(anonymous_44)
FNDA:0,(anonymous_45)
FNDA:0,(anonymous_46)
FNDA:0,(anonymous_47)
FNDA:0,(anonymous_48)
FNDA:0,(anonymous_49)
FNDA:0,(anonymous_50)
FNDA:0,(anonymous_51)
FNDA:0,(anonymous_52)
FNDA:0,(anonymous_53)
FNDA:0,(anonymous_54)
FNDA:0,(anonymous_55)
FNDA:0,(anonymous_56)
FNDA:0,(anonymous_57)
FNDA:0,(anonymous_58)
FNDA:0,(anonymous_59)
FNDA:0,(anonymous_60)
FNDA:0,(anonymous_61)
FNDA:0,(anonymous_62)
FNDA:0,(anonymous_63)
FNDA:0,(anonymous_64)
FNDA:0,(anonymous_65)
FNDA:0,(anonymous_66)
FNDA:0,(anonymous_67)
FNDA:0,(anonymous_68)
FNDA:0,(anonymous_69)
FNDA:0,(anonymous_70)
FNDA:0,(anonymous_71)
FNDA:0,(anonymous_72)
FNDA:0,(anonymous_73)
FNDA:0,(anonymous_74)
FNDA:0,(anonymous_75)
FNDA:0,(anonymous_76)
FNDA:0,(anonymous_77)
FNDA:0,(anonymous_78)
FNDA:0,(anonymous_79)
FNDA:0,(anonymous_80)
FNDA:0,(anonymous_81)
FNDA:0,(anonymous_82)
FNDA:0,(anonymous_83)
FNDA:0,(anonymous_84)
FNDA:0,(anonymous_85)
FNDA:0,(anonymous_86)
FNDA:0,(anonymous_87)
DA:10,2
DA:17,9
DA:18,9
DA:19,9
DA:20,9
DA:21,9
DA:24,9
DA:25,9
DA:26,9
DA:27,9
DA:28,9
DA:29,9
DA:30,9
DA:31,9
DA:32,9
DA:33,9
DA:34,9
DA:35,9
DA:36,9
DA:37,9
DA:38,9
DA:39,9
DA:40,9
DA:41,9
DA:42,9
DA:43,9
DA:44,9
DA:45,9
DA:46,9
DA:48,9
DA:49,2
DA:50,2
DA:51,2
DA:52,2
DA:53,2
DA:54,2
DA:55,2
DA:56,2
DA:66,2
DA:67,2
DA:68,2
DA:69,2
DA:70,2
DA:71,2
DA:72,2
DA:73,2
DA:74,2
DA:77,0
DA:78,0
DA:81,0
DA:86,2
DA:87,2
DA:88,2
DA:92,2
DA:93,2
DA:94,2
DA:98,9
DA:99,1
DA:100,1
DA:101,1
DA:102,1
DA:103,1
DA:105,0
DA:109,9
DA:110,0
DA:111,0
DA:114,9
DA:117,9
DA:118,9
DA:120,9
DA:121,0
DA:122,0
DA:152,9
DA:153,0
DA:154,0
DA:155,0
DA:156,0
DA:157,0
DA:158,0
DA:159,0
DA:161,0
DA:165,0
DA:169,9
DA:195,0
DA:208,0
DA:226,1
DA:283,8
DA:284,8
DA:288,0
DA:342,0
DA:347,0
DA:358,0
DA:359,0
DA:360,0
DA:361,0
DA:366,0
DA:367,0
DA:369,0
DA:385,0
DA:394,0
DA:395,0
DA:396,0
DA:397,0
DA:398,0
DA:399,0
DA:407,0
DA:408,0
DA:411,0
DA:445,0
DA:446,0
DA:447,0
DA:455,0
DA:456,0
DA:459,0
DA:472,0
DA:473,0
DA:474,0
DA:475,0
DA:478,0
DA:507,0
DA:512,0
DA:523,0
DA:524,0
DA:525,0
DA:526,0
DA:531,0
DA:532,0
DA:534,0
DA:549,0
DA:558,0
DA:559,0
DA:560,0
DA:561,0
DA:562,0
DA:563,0
DA:571,0
DA:572,0
DA:575,0
DA:609,0
DA:610,0
DA:611,0
DA:619,0
DA:620,0
DA:623,0
DA:636,0
DA:637,0
DA:638,0
DA:639,0
DA:642,0
DA:675,0
DA:680,0
DA:692,0
DA:703,0
DA:704,0
DA:705,0
DA:706,0
DA:712,0
DA:713,0
DA:715,0
DA:730,0
DA:739,0
DA:740,0
DA:741,0
DA:742,0
DA:743,0
DA:744,0
DA:752,0
DA:753,0
DA:756,0
DA:790,0
DA:791,0
DA:792,0
DA:800,0
DA:801,0
DA:804,0
DA:817,0
DA:818,0
DA:819,0
DA:820,0
DA:823,0
DA:881,0
DA:888,0
DA:889,0
DA:890,0
DA:891,0
DA:896,0
DA:897,0
DA:899,0
DA:914,0
DA:923,0
DA:924,0
DA:925,0
DA:926,0
DA:927,0
DA:928,0
DA:936,0
DA:937,0
DA:940,0
DA:973,0
DA:974,0
DA:975,0
DA:976,0
DA:979,0
DA:1029,0
DA:1038,0
DA:1039,0
DA:1040,0
DA:1041,0
DA:1046,0
DA:1047,0
DA:1049,0
DA:1064,0
DA:1076,0
DA:1077,0
DA:1078,0
DA:1079,0
DA:1082,0
DA:1110,0
DA:1119,0
DA:1120,0
DA:1121,0
DA:1122,0
DA:1127,0
DA:1128,0
DA:1130,0
DA:1145,0
DA:1157,0
DA:1158,0
DA:1159,0
DA:1160,0
DA:1163,0
DA:1191,0
DA:1200,0
DA:1201,0
DA:1202,0
DA:1203,0
DA:1208,0
DA:1209,0
DA:1211,0
DA:1226,0
DA:1238,0
DA:1239,0
DA:1240,0
DA:1241,0
DA:1244,0
DA:1273,0
LF:246
LH:69
BRDA:66,0,0,2
BRDA:66,0,1,0
BRDA:77,1,0,0
BRDA:77,1,1,0
BRDA:79,2,0,0
BRDA:79,2,1,0
BRDA:82,3,0,0
BRDA:82,3,1,0
BRDA:86,4,0,2
BRDA:86,4,1,0
BRDA:105,5,0,0
BRDA:105,5,1,0
BRDA:114,6,0,9
BRDA:114,6,1,9
BRDA:117,7,0,9
BRDA:117,7,1,7
BRDA:121,8,0,0
BRDA:121,8,1,0
BRDA:154,9,0,0
BRDA:154,9,1,0
BRDA:162,10,0,0
BRDA:162,10,1,0
BRDA:183,11,0,2
BRDA:183,11,1,7
BRDA:188,12,0,2
BRDA:188,12,1,0
BRDA:236,13,0,7
BRDA:236,13,1,7
BRDA:237,14,0,0
BRDA:237,14,1,7
BRDA:240,15,0,7
BRDA:240,15,1,0
BRDA:254,16,0,7
BRDA:254,16,1,2
BRDA:264,17,0,2
BRDA:264,17,1,2
BRDA:264,17,2,0
BRDA:271,18,0,0
BRDA:271,18,1,0
BRDA:291,19,0,2
BRDA:291,19,1,6
BRDA:304,20,0,2
BRDA:304,20,1,2
BRDA:312,21,0,2
BRDA:312,21,1,0
BRDA:326,22,0,2
BRDA:326,22,1,0
BRDA:332,23,0,2
BRDA:332,23,1,2
BRDA:356,24,0,2
BRDA:356,24,1,0
BRDA:356,24,2,0
BRDA:359,25,0,0
BRDA:359,25,1,0
BRDA:370,26,0,0
BRDA:370,26,1,0
BRDA:392,27,0,0
BRDA:392,27,1,0
BRDA:394,28,0,0
BRDA:394,28,1,0
BRDA:395,29,0,0
BRDA:395,29,1,0
BRDA:397,30,0,0
BRDA:397,30,1,0
BRDA:405,31,0,0
BRDA:405,31,1,0
BRDA:408,32,0,0
BRDA:408,32,1,0
BRDA:412,33,0,0
BRDA:412,33,1,0
BRDA:419,34,0,0
BRDA:419,34,1,0
BRDA:434,35,0,0
BRDA:434,35,1,0
BRDA:440,36,0,0
BRDA:440,36,1,0
BRDA:453,37,0,0
BRDA:453,37,1,0
BRDA:456,38,0,0
BRDA:456,38,1,0
BRDA:459,39,0,0
BRDA:459,39,1,0
BRDA:468,40,0,0
BRDA:468,40,1,0
BRDA:479,41,0,0
BRDA:479,41,1,0
BRDA:492,42,0,2
BRDA:492,42,1,2
BRDA:521,43,0,2
BRDA:521,43,1,0
BRDA:521,43,2,0
BRDA:524,44,0,0
BRDA:524,44,1,0
BRDA:535,45,0,0
BRDA:535,45,1,0
BRDA:556,46,0,0
BRDA:556,46,1,0
BRDA:558,47,0,0
BRDA:558,47,1,0
BRDA:559,48,0,0
BRDA:559,48,1,0
BRDA:561,49,0,0
BRDA:561,49,1,0
BRDA:569,50,0,0
BRDA:569,50,1,0
BRDA:572,51,0,0
BRDA:572,51,1,0
BRDA:576,52,0,0
BRDA:576,52,1,0
BRDA:583,53,0,0
BRDA:583,53,1,0
BRDA:598,54,0,0
BRDA:598,54,1,0
BRDA:604,55,0,0
BRDA:604,55,1,0
BRDA:617,56,0,0
BRDA:617,56,1,0
BRDA:620,57,0,0
BRDA:620,57,1,0
BRDA:623,58,0,0
BRDA:623,58,1,0
BRDA:632,59,0,0
BRDA:632,59,1,0
BRDA:643,60,0,0
BRDA:643,60,1,0
BRDA:656,61,0,2
BRDA:656,61,1,2
BRDA:666,62,0,2
BRDA:666,62,1,0
BRDA:701,63,0,0
BRDA:701,63,1,0
BRDA:701,63,2,0
BRDA:704,64,0,0
BRDA:704,64,1,0
BRDA:716,65,0,0
BRDA:716,65,1,0
BRDA:737,66,0,0
BRDA:737,66,1,0
BRDA:739,67,0,0
BRDA:739,67,1,0
BRDA:740,68,0,0
BRDA:740,68,1,0
BRDA:742,69,0,0
BRDA:742,69,1,0
BRDA:750,70,0,0
BRDA:750,70,1,0
BRDA:753,71,0,0
BRDA:753,71,1,0
BRDA:757,72,0,0
BRDA:757,72,1,0
BRDA:764,73,0,0
BRDA:764,73,1,0
BRDA:779,74,0,0
BRDA:779,74,1,0
BRDA:785,75,0,0
BRDA:785,75,1,0
BRDA:798,76,0,0
BRDA:798,76,1,0
BRDA:801,77,0,0
BRDA:801,77,1,0
BRDA:804,78,0,0
BRDA:804,78,1,0
BRDA:813,79,0,0
BRDA:813,79,1,0
BRDA:824,80,0,0
BRDA:824,80,1,0
BRDA:837,81,0,0
BRDA:837,81,1,0
BRDA:851,82,0,2
BRDA:851,82,1,0
BRDA:862,83,0,2
BRDA:862,83,1,0
BRDA:868,84,0,0
BRDA:868,84,1,0
BRDA:886,85,0,0
BRDA:886,85,1,0
BRDA:886,85,2,0
BRDA:889,86,0,0
BRDA:889,86,1,0
BRDA:900,87,0,0
BRDA:900,87,1,0
BRDA:921,88,0,0
BRDA:921,88,1,0
BRDA:923,89,0,0
BRDA:923,89,1,0
BRDA:924,90,0,0
BRDA:924,90,1,0
BRDA:926,91,0,0
BRDA:926,91,1,0
BRDA:934,92,0,0
BRDA:934,92,1,0
BRDA:937,93,0,0
BRDA:937,93,1,0
BRDA:941,94,0,0
BRDA:941,94,1,0
BRDA:948,95,0,0
BRDA:948,95,1,0
BRDA:963,96,0,0
BRDA:963,96,1,0
BRDA:969,97,0,0
BRDA:969,97,1,0
BRDA:980,98,0,0
BRDA:980,98,1,0
BRDA:993,99,0,0
BRDA:993,99,1,0
BRDA:1004,100,0,2
BRDA:1004,100,1,0
BRDA:1013,101,0,0
BRDA:1013,101,1,0
BRDA:1014,102,0,0
BRDA:1014,102,1,0
BRDA:1016,103,0,0
BRDA:1016,103,1,0
BRDA:1016,104,0,0
BRDA:1016,104,1,0
BRDA:1035,105,0,0
BRDA:1035,105,1,0
BRDA:1035,105,2,0
BRDA:1035,106,0,0
BRDA:1035,106,1,0
BRDA:1039,107,0,0
BRDA:1039,107,1,0
BRDA:1050,108,0,0
BRDA:1050,108,1,0
BRDA:1071,109,0,0
BRDA:1071,109,1,0
BRDA:1071,109,2,0
BRDA:1083,110,0,0
BRDA:1083,110,1,0
BRDA:1096,111,0,0
BRDA:1096,111,1,0
BRDA:1116,112,0,0
BRDA:1116,112,1,0
BRDA:1116,112,2,0
BRDA:1116,113,0,0
BRDA:1116,113,1,0
BRDA:1120,114,0,0
BRDA:1120,114,1,0
BRDA:1131,115,0,0
BRDA:1131,115,1,0
BRDA:1152,116,0,0
BRDA:1152,116,1,0
BRDA:1152,116,2,0
BRDA:1164,117,0,0
BRDA:1164,117,1,0
BRDA:1177,118,0,0
BRDA:1177,118,1,0
BRDA:1197,119,0,0
BRDA:1197,119,1,0
BRDA:1197,119,2,0
BRDA:1197,120,0,0
BRDA:1197,120,1,0
BRDA:1201,121,0,0
BRDA:1201,121,1,0
BRDA:1212,122,0,0
BRDA:1212,122,1,0
BRDA:1233,123,0,0
BRDA:1233,123,1,0
BRDA:1233,123,2,0
BRDA:1245,124,0,0
BRDA:1245,124,1,0
BRDA:1258,125,0,0
BRDA:1258,125,1,0
BRDA:1274,126,0,2
BRDA:1274,126,1,2
BRDA:1276,127,0,0
BRDA:1276,127,1,2
BRF:267
BRH:38
end_of_record
TN:
SF:src/pages/SpeakPage.tsx
FN:86,currentTimelineBlock
FN:102,optionsForBlock
FN:104,(anonymous_2)
FN:145,pad2
FN:149,minutesSinceMidnight
FN:153,formatTime
FN:159,TodayTimeline
FN:188,(anonymous_7)
FN:189,(anonymous_8)
FN:192,(anonymous_9)
FN:239,(anonymous_10)
FN:273,(anonymous_11)
FN:308,isInWellbeingSlot
FN:315,wellbeingPopupKey
FN:321,foodArticle
FN:334,SpeakPage
FN:335,(anonymous_16)
FN:348,(anonymous_17)
FN:352,(anonymous_18)
FN:362,(anonymous_19)
FN:368,(anonymous_20)
FN:372,(anonymous_21)
FN:377,(anonymous_22)
FN:381,(anonymous_23)
FN:383,(anonymous_24)
FN:387,(anonymous_25)
FN:433,(anonymous_26)
FN:435,(anonymous_27)
FN:454,(anonymous_28)
FN:460,(anonymous_29)
FN:465,(anonymous_30)
FN:465,(anonymous_31)
FN:469,(anonymous_32)
FN:469,(anonymous_33)
FN:473,(anonymous_34)
FN:473,(anonymous_35)
FN:477,(anonymous_36)
FN:477,(anonymous_37)
FN:481,(anonymous_38)
FN:482,(anonymous_39)
FN:485,(anonymous_40)
FN:530,(anonymous_41)
FN:539,(anonymous_42)
FN:563,(anonymous_43)
FN:567,(anonymous_44)
FN:589,(anonymous_45)
FN:615,(anonymous_46)
FN:622,(anonymous_47)
FN:637,(anonymous_48)
FN:669,(anonymous_49)
FN:679,(anonymous_50)
FN:683,(anonymous_51)
FN:697,(anonymous_52)
FN:698,(anonymous_53)
FN:718,(anonymous_54)
FN:722,(anonymous_55)
FN:752,(anonymous_56)
FN:765,(anonymous_57)
FN:815,(anonymous_58)
FN:823,(anonymous_59)
FNF:60
FNH:25
FNDA:2,currentTimelineBlock
FNDA:2,optionsForBlock
FNDA:6,(anonymous_2)
FNDA:6,pad2
FNDA:3,minutesSinceMidnight
FNDA:36,formatTime
FNDA:3,TodayTimeline
FNDA:33,(anonymous_7)
FNDA:24,(anonymous_8)
FNDA:33,(anonymous_9)
FNDA:33,(anonymous_10)
FNDA:0,(anonymous_11)
FNDA:2,isInWellbeingSlot
FNDA:0,wellbeingPopupKey
FNDA:0,foodArticle
FNDA:3,SpeakPage
FNDA:2,(anonymous_16)
FNDA:0,(anonymous_17)
FNDA:2,(anonymous_18)
FNDA:0,(anonymous_19)
FNDA:0,(anonymous_20)
FNDA:0,(anonymous_21)
FNDA:0,(anonymous_22)
FNDA:0,(anonymous_23)
FNDA:0,(anonymous_24)
FNDA:0,(anonymous_25)
FNDA:2,(anonymous_26)
FNDA:2,(anonymous_27)
FNDA:2,(anonymous_28)
FNDA:2,(anonymous_29)
FNDA:3,(anonymous_30)
FNDA:0,(anonymous_31)
FNDA:3,(anonymous_32)
FNDA:0,(anonymous_33)
FNDA:3,(anonymous_34)
FNDA:0,(anonymous_35)
FNDA:3,(anonymous_36)
FNDA:0,(anonymous_37)
FNDA:0,(anonymous_38)
FNDA:0,(anonymous_39)
FNDA:2,(anonymous_40)
FNDA:0,(anonymous_41)
FNDA:0,(anonymous_42)
FNDA:9,(anonymous_43)
FNDA:0,(anonymous_44)
FNDA:0,(anonymous_45)
FNDA:0,(anonymous_46)
FNDA:0,(anonymous_47)
FNDA:0,(anonymous_48)
FNDA:0,(anonymous_49)
FNDA:0,(anonymous_50)
FNDA:0,(anonymous_51)
FNDA:0,(anonymous_52)
FNDA:0,(anonymous_53)
FNDA:0,(anonymous_54)
FNDA:0,(anonymous_55)
FNDA:0,(anonymous_56)
FNDA:0,(anonymous_57)
FNDA:0,(anonymous_58)
FNDA:0,(anonymous_59)
DA:37,2
DA:87,2
DA:88,2
DA:89,2
DA:91,2
DA:92,2
DA:93,2
DA:94,2
DA:95,2
DA:96,2
DA:97,0
DA:98,0
DA:99,0
DA:103,2
DA:104,6
DA:105,2
DA:108,2
DA:121,2
DA:146,6
DA:150,3
DA:154,36
DA:155,36
DA:156,36
DA:168,3
DA:169,3
DA:170,3
DA:172,3
DA:188,33
DA:189,24
DA:190,3
DA:192,3
DA:193,33
DA:194,33
DA:195,33
DA:196,33
DA:197,30
DA:198,9
DA:201,3
DA:240,33
DA:241,33
DA:242,33
DA:244,33
DA:254,33
DA:263,33
DA:265,33
DA:273,0
DA:305,2
DA:306,2
DA:309,2
DA:310,2
DA:311,2
DA:312,2
DA:316,0
DA:317,0
DA:320,2
DA:322,0
DA:323,0
DA:324,0
DA:325,0
DA:328,2
DA:335,3
DA:336,3
DA:337,3
DA:338,3
DA:339,3
DA:340,3
DA:341,3
DA:342,3
DA:343,3
DA:344,3
DA:345,3
DA:346,3
DA:348,3
DA:349,0
DA:352,3
DA:353,2
DA:354,2
DA:355,0
DA:356,0
DA:357,0
DA:358,0
DA:362,3
DA:363,0
DA:364,0
DA:365,0
DA:368,3
DA:369,0
DA:372,3
DA:373,0
DA:374,0
DA:375,0
DA:377,0
DA:381,3
DA:382,0
DA:383,0
DA:384,0
DA:387,3
DA:391,0
DA:392,0
DA:395,0
DA:396,0
DA:400,0
DA:401,0
DA:403,0
DA:404,0
DA:406,0
DA:407,0
DA:412,0
DA:413,0
DA:421,0
DA:422,0
DA:424,0
DA:425,0
DA:427,0
DA:428,0
DA:430,0
DA:433,3
DA:434,2
DA:435,2
DA:436,2
DA:437,2
DA:443,1
DA:444,1
DA:445,1
DA:446,1
DA:447,1
DA:453,2
DA:454,2
DA:455,2
DA:459,3
DA:460,2
DA:464,3
DA:465,3
DA:468,3
DA:469,3
DA:472,3
DA:473,3
DA:476,3
DA:477,3
DA:481,3
DA:482,0
DA:484,3
DA:485,2
DA:493,3
DA:530,0
DA:539,0
DA:564,9
DA:567,0
DA:590,0
DA:615,0
DA:623,0
DA:624,0
DA:626,0
DA:633,0
DA:637,0
DA:669,0
DA:680,0
DA:683,0
DA:698,0
DA:699,0
DA:719,0
DA:723,0
DA:724,0
DA:725,0
DA:752,0
DA:766,0
DA:767,0
DA:768,0
DA:769,0
DA:771,0
DA:772,0
DA:773,0
DA:775,0
DA:776,0
DA:781,0
DA:782,0
DA:816,0
DA:817,0
DA:818,0
DA:823,0
LF:180
LH:99
BRDA:91,0,0,0
BRDA:91,0,1,2
BRDA:91,1,0,2
BRDA:91,1,1,2
BRDA:92,2,0,0
BRDA:92,2,1,2
BRDA:93,3,0,0
BRDA:93,3,1,2
BRDA:94,4,0,0
BRDA:94,4,1,2
BRDA:95,5,0,0
BRDA:95,5,1,2
BRDA:96,6,0,2
BRDA:96,6,1,0
BRDA:97,7,0,0
BRDA:97,7,1,0
BRDA:98,8,0,0
BRDA:98,8,1,0
BRDA:104,9,0,6
BRDA:104,9,1,0
BRDA:170,10,0,3
BRDA:170,10,1,3
BRDA:175,11,0,0
BRDA:175,11,1,3
BRDA:175,12,0,3
BRDA:175,12,1,0
BRDA:190,13,0,3
BRDA:190,13,1,0
BRDA:195,14,0,0
BRDA:195,14,1,33
BRDA:196,15,0,3
BRDA:196,15,1,30
BRDA:197,16,0,21
BRDA:197,16,1,9
BRDA:219,17,0,3
BRDA:219,17,1,3
BRDA:242,18,0,33
BRDA:242,18,1,33
BRDA:242,18,2,0
BRDA:244,19,0,0
BRDA:244,19,1,33
BRDA:246,20,0,0
BRDA:246,20,1,33
BRDA:248,21,0,3
BRDA:248,21,1,30
BRDA:250,22,0,21
BRDA:250,22,1,9
BRDA:254,23,0,0
BRDA:254,23,1,33
BRDA:256,24,0,0
BRDA:256,24,1,33
BRDA:258,25,0,3
BRDA:258,25,1,30
BRDA:260,26,0,21
BRDA:260,26,1,9
BRDA:263,27,0,21
BRDA:263,27,1,12
BRDA:263,28,0,33
BRDA:263,28,1,21
BRDA:269,29,0,33
BRDA:269,29,1,30
BRDA:273,30,0,0
BRDA:273,30,1,0
BRDA:274,31,0,33
BRDA:274,31,1,0
BRDA:275,32,0,33
BRDA:275,32,1,0
BRDA:284,33,0,33
BRDA:284,33,1,33
BRDA:310,34,0,0
BRDA:310,34,1,2
BRDA:310,35,0,2
BRDA:310,35,1,2
BRDA:311,36,0,0
BRDA:311,36,1,2
BRDA:311,37,0,2
BRDA:311,37,1,0
BRDA:323,38,0,0
BRDA:323,38,1,0
BRDA:323,39,0,0
BRDA:323,39,1,0
BRDA:323,39,2,0
BRDA:325,40,0,0
BRDA:325,40,1,0
BRDA:337,41,0,3
BRDA:337,41,1,3
BRDA:354,42,0,2
BRDA:354,42,1,0
BRDA:357,43,0,0
BRDA:357,43,1,0
BRDA:364,44,0,0
BRDA:364,44,1,0
BRDA:369,45,0,0
BRDA:369,45,1,0
BRDA:373,46,0,0
BRDA:373,46,1,0
BRDA:373,46,2,0
BRDA:374,47,0,0
BRDA:374,47,1,0
BRDA:392,48,0,0
BRDA:392,48,1,0
BRDA:395,49,0,0
BRDA:395,49,1,0
BRDA:400,50,0,0
BRDA:400,50,1,0
BRDA:401,51,0,0
BRDA:401,51,1,0
BRDA:403,52,0,0
BRDA:403,52,1,0
BRDA:404,53,0,0
BRDA:404,53,1,0
BRDA:406,54,0,0
BRDA:406,54,1,0
BRDA:409,55,0,0
BRDA:409,55,1,0
BRDA:412,56,0,0
BRDA:412,56,1,0
BRDA:415,57,0,0
BRDA:415,57,1,0
BRDA:421,58,0,0
BRDA:421,58,1,0
BRDA:424,59,0,0
BRDA:424,59,1,0
BRDA:427,60,0,0
BRDA:427,60,1,0
BRDA:428,61,0,0
BRDA:428,61,1,0
BRDA:430,62,0,0
BRDA:430,62,1,0
BRDA:443,63,0,1
BRDA:443,63,1,0
BRDA:465,64,0,0
BRDA:465,64,1,0
BRDA:469,65,0,0
BRDA:469,65,1,0
BRDA:473,66,0,0
BRDA:473,66,1,0
BRDA:482,67,0,0
BRDA:482,67,1,0
BRDA:519,68,0,3
BRDA:519,68,1,0
BRDA:521,69,0,0
BRDA:521,69,1,0
BRDA:527,70,0,3
BRDA:527,70,1,0
BRDA:550,71,0,3
BRDA:550,71,1,0
BRDA:558,72,0,0
BRDA:558,72,1,3
BRDA:582,73,0,3
BRDA:582,73,1,0
BRDA:582,73,2,0
BRDA:604,74,0,3
BRDA:604,74,1,0
BRDA:608,75,0,0
BRDA:608,75,1,0
BRDA:609,76,0,0
BRDA:609,76,1,0
BRDA:610,77,0,0
BRDA:610,77,1,0
BRDA:611,78,0,0
BRDA:611,78,1,0
BRDA:622,79,0,0
BRDA:622,79,1,0
BRDA:622,80,0,0
BRDA:622,80,1,0
BRDA:622,81,0,0
BRDA:622,81,1,0
BRDA:626,82,0,0
BRDA:626,82,1,0
BRDA:628,83,0,0
BRDA:628,83,1,0
BRDA:630,84,0,0
BRDA:630,84,1,0
BRDA:645,85,0,0
BRDA:645,85,1,0
BRDA:645,85,2,0
BRDA:645,85,3,0
BRDA:645,85,4,0
BRDA:645,85,5,0
BRDA:645,85,6,0
BRDA:645,85,7,0
BRDA:645,85,8,0
BRDA:664,86,0,3
BRDA:664,86,1,0
BRDA:708,87,0,3
BRDA:708,87,1,0
BRDA:713,88,0,0
BRDA:713,88,1,0
BRDA:747,89,0,3
BRDA:747,89,1,0
BRDA:793,90,0,0
BRDA:793,90,1,0
BRF:193
BRH:63
end_of_record
